<?xml version="1.0" encoding="UTF-8"?>
<!-- Generated by org.testng.reporters.JUnitReportReporter -->
<testsuite skipped="5" hostname="DESKTOP-238J8OC" name="com.tuitionApp.testCases.HomePageTestCases" tests="6" failures="0" timestamp="06 Jul 2023 06:46:28 GMT" time="3.425" errors="0">
  <testcase name="validatPageHeader" time="3.425" classname="com.tuitionApp.testCases.HomePageTestCases"/>
  <testcase name="validateUpdateEmployee" classname="com.tuitionApp.testCases.HomePageTestCases">
    <skipped/>
  </testcase> <!-- validateUpdateEmployee -->
  <testcase name="testUserExistsInDatabase" classname="com.tuitionApp.testCases.HomePageTestCases">
    <skipped/>
  </testcase> <!-- testUserExistsInDatabase -->
  <testcase name="verifyPageHeader" classname="com.tuitionApp.testCases.HomePageTestCases">
    <skipped/>
  </testcase> <!-- verifyPageHeader -->
  <testcase name="verifyTableHeaders" classname="com.tuitionApp.testCases.HomePageTestCases">
    <skipped/>
  </testcase> <!-- verifyTableHeaders -->
  <testcase name="validateAddEmp" classname="com.tuitionApp.testCases.HomePageTestCases">
    <skipped/>
  </testcase> <!-- validateAddEmp -->
</testsuite> <!-- com.tuitionApp.testCases.HomePageTestCases -->
