<?xml version="1.0" encoding="UTF-8"?>
<!-- Generated by org.testng.reporters.JUnitReportReporter -->
<testsuite skipped="0" hostname="DESKTOP-238J8OC" name="com.tuitionApp.testCases.BaseClass" tests="1" failures="0" timestamp="01 Jul 2023 03:04:45 GMT" time="3.332" errors="0">
  <testcase name="test" time="3.332" classname="com.tuitionApp.testCases.BaseClass"/>
</testsuite> <!-- com.tuitionApp.testCases.BaseClass -->
