<?xml version="1.0" encoding="UTF-8"?>
<!-- Generated by org.testng.reporters.JUnitReportReporter -->
<testsuite skipped="0" hostname="DESKTOP-238J8OC" name="com.tuitionApp.testCases.LoginTestCases" tests="2" failures="0" timestamp="01 Jul 2023 03:53:33 GMT" time="9.056" errors="0">
  <testcase name="verifyLogin" time="4.699" classname="com.tuitionApp.testCases.LoginTestCases"/>
  <testcase name="test" time="4.357" classname="com.tuitionApp.testCases.LoginTestCases"/>
</testsuite> <!-- com.tuitionApp.testCases.LoginTestCases -->
